<?xml version="1.0" encoding="UTF-8"?>
<!-- Generated by org.testng.reporters.JUnitReportReporter -->
<testsuite hostname="DESKTOP-R44QD4T" failures="0" tests="1" name="Tutorial.ValidateNavigationBarTest" time="0.074" errors="0" timestamp="2020-02-08T02:08:28 ART" skipped="0">
  <testcase classname="Tutorial.ValidateNavigationBarTest" name="validateTitle" time="0.074"/>
</testsuite> <!-- Tutorial.ValidateNavigationBarTest -->
