<?xml version="1.0" encoding="UTF-8"?>
<!-- Generated by org.testng.reporters.JUnitReportReporter -->
<testsuite hostname="DESKTOP-R44QD4T" failures="0" tests="1" name="Tutorial.ValidateTitleTest" time="0.033" errors="0" timestamp="2020-02-08T02:08:28 ART" skipped="0">
  <testcase classname="Tutorial.ValidateTitleTest" name="validateTitle" time="0.033"/>
</testsuite> <!-- Tutorial.ValidateTitleTest -->
